<?xml version="1.0" encoding="UTF-8"?>
<!-- Generated by org.testng.reporters.JUnitXMLReporter -->
<testsuite hostname="tOMARdHARAM" ignored="2" name="Test" tests="2" failures="0" timestamp="10 Dec 2018 03:28:38 GMT" time="51.053" errors="0">
  <testcase name="addinventory" time="12.225" classname="testcases.Add_Inventory_Test"/>
  <testcase name="test" time="0.004" classname="testcases.AddmerchantTest"/>
  <testcase name="@BeforeTest setup" time="0.0" classname="testcases.Basescenarios">
    <ignored/>
  </testcase> <!-- @BeforeTest setup -->
  <testcase name="@AfterTest teardown" time="0.0" classname="testcases.Basescenarios">
    <ignored/>
  </testcase> <!-- @AfterTest teardown -->
</testsuite> <!-- Test -->
