<?xml version="1.0" encoding="UTF-8"?>
<!-- Generated by org.testng.reporters.JUnitXMLReporter -->
<testsuite hostname="tOMARdHARAM" ignored="4" name="Default test" tests="3" failures="0" timestamp="04 Dec 2018 03:58:47 GMT" time="46.847" errors="0">
  <testcase name="test" time="0.259" classname="testcases.AddmerchantTest"/>
  <testcase name="erplogin" time="21.344" classname="testcases.LoginEzERP"/>
  <testcase name="addinventory" time="0.014" classname="testcases.Add_Inventory_Test"/>
  <testcase name="@BeforeTest setup" time="0.0" classname="testcases.Basescenarios">
    <ignored/>
  </testcase> <!-- @BeforeTest setup -->
  <testcase name="@BeforeTest setup" time="0.0" classname="testcases.Basescenarios">
    <ignored/>
  </testcase> <!-- @BeforeTest setup -->
  <testcase name="@AfterTest teardown" time="0.0" classname="testcases.Basescenarios">
    <ignored/>
  </testcase> <!-- @AfterTest teardown -->
  <testcase name="@AfterTest teardown" time="0.0" classname="testcases.Basescenarios">
    <ignored/>
  </testcase> <!-- @AfterTest teardown -->
</testsuite> <!-- Default test -->
