<?xml version="1.0" encoding="UTF-8"?>
<testng-results skipped="0" failed="0" ignored="0" total="1" passed="1">
  <reporter-output>
  </reporter-output>
  <suite name="Command line suite" duration-ms="279" started-at="2018-12-04T03:24:15Z" finished-at="2018-12-04T03:24:15Z">
    <groups>
    </groups>
    <test name="Command line test" duration-ms="279" started-at="2018-12-04T03:24:15Z" finished-at="2018-12-04T03:24:15Z">
      <class name="automation.modularframwork.AppTest">
        <test-method status="PASS" signature="testApp()" name="testApp" duration-ms="112" started-at="2018-12-04T03:24:15Z" finished-at="2018-12-04T03:24:15Z">
          <reporter-output>
          </reporter-output>
        </test-method> <!-- testApp -->
      </class> <!-- automation.modularframwork.AppTest -->
    </test> <!-- Command line test -->
  </suite> <!-- Command line suite -->
</testng-results>
